Vivado Simulator v2023.2
Copyright 1986-2022 Xilinx, Inc. All Rights Reserved.
Copyright 2022-2023 Advanced Micro Devices, Inc. All Rights Reserved.
Running: C:/Xilinx/Vivado/2023.2/bin/unwrapped/win64.o/xelab.exe --incr --debug typical --relax --mt 2 -L xil_defaultlib -L xbip_utils_v3_0_11 -L axi_utils_v2_0_7 -L xbip_pipe_v3_0_7 -L xbip_dsp48_wrapper_v3_0_5 -L xbip_dsp48_addsub_v3_0_7 -L xbip_dsp48_multadd_v3_0_7 -L xbip_bram18k_v3_0_7 -L mult_gen_v12_0_19 -L floating_point_v7_1_16 -L uvm -L unisims_ver -L unimacro_ver -L secureip -L xpm --snapshot tb_FPU_single_behav xil_defaultlib.tb_FPU_single xil_defaultlib.glbl -log elaborate.log 
Using 2 slave threads.
Starting static elaboration
Pass Through NonSizing Optimizer
Completed static elaboration
Starting simulation data flow analysis
Completed simulation data flow analysis
Time Resolution for simulation is 1ps
Compiling package std.standard
Compiling package std.textio
Compiling package ieee.std_logic_1164
Compiling package floating_point_v7_1_16.floating_point_v7_1_16_viv_comp
Compiling package ieee.numeric_std
Compiling package xbip_utils_v3_0_11.xbip_utils_v3_0_11_pkg
Compiling package axi_utils_v2_0_7.axi_utils_v2_0_7_pkg
Compiling package floating_point_v7_1_16.floating_point_v7_1_16_consts
Compiling package ieee.math_real
Compiling package floating_point_v7_1_16.floating_point_v7_1_16_exp_table...
Compiling package mult_gen_v12_0_19.mult_gen_v12_0_19_pkg
Compiling package ieee.std_logic_arith
Compiling package ieee.std_logic_signed
Compiling package floating_point_v7_1_16.floating_point_v7_1_16_pkg
Compiling package floating_point_v7_1_16.flt_utils
Compiling package xbip_pipe_v3_0_7.xbip_pipe_v3_0_7_viv_comp
Compiling package unisim.vcomponents
Compiling package ieee.vital_timing
Compiling package ieee.vital_primitives
Compiling package unisim.vpkg
Compiling package mult_gen_v12_0_19.dsp_pkg
Compiling package floating_point_v7_1_16.vt2mutils
Compiling package floating_point_v7_1_16.vt2mcomps
Compiling architecture muxcy_v of entity unisim.MUXCY [muxcy_default]
Compiling architecture synth of entity xbip_pipe_v3_0_7.xbip_pipe_v3_0_7_viv [\xbip_pipe_v3_0_7_viv(c_has_ce=1...]
Compiling architecture rtl of entity floating_point_v7_1_16.delay [\delay(width=7,length=0)\]
Compiling architecture struct of entity floating_point_v7_1_16.carry_chain [\carry_chain(c_xdevicefamily="ki...]
Compiling architecture synth of entity floating_point_v7_1_16.compare_eq_im [\compare_eq_im(c_xdevicefamily="...]
Compiling architecture xorcy_v of entity unisim.XORCY [xorcy_default]
Compiling architecture fdre_v of entity unisim.FDRE [fdre_default]
Compiling architecture fde_v of entity unisim.FDE [fde_default]
Compiling architecture struct of entity floating_point_v7_1_16.carry_chain [\carry_chain(c_xdevicefamily="ki...]
Compiling architecture synth of entity xbip_pipe_v3_0_7.xbip_pipe_v3_0_7_viv [\xbip_pipe_v3_0_7_viv(c_has_ce=1...]
Compiling architecture rtl of entity floating_point_v7_1_16.delay [\delay(length=0)\]
Compiling architecture synth of entity xbip_pipe_v3_0_7.xbip_pipe_v3_0_7_viv [\xbip_pipe_v3_0_7_viv(c_latency=...]
Compiling architecture rtl of entity floating_point_v7_1_16.delay [\delay(width=24,length=2,fast_in...]
Compiling architecture synth of entity xbip_pipe_v3_0_7.xbip_pipe_v3_0_7_viv [\xbip_pipe_v3_0_7_viv(c_latency=...]
Compiling architecture rtl of entity floating_point_v7_1_16.delay [\delay(width=16)\]
Compiling architecture synth of entity xbip_pipe_v3_0_7.xbip_pipe_v3_0_7_viv [\xbip_pipe_v3_0_7_viv(c_latency=...]
Compiling architecture rtl of entity floating_point_v7_1_16.delay [delay_default]
Compiling architecture synth of entity xbip_pipe_v3_0_7.xbip_pipe_v3_0_7_viv [\xbip_pipe_v3_0_7_viv(c_latency=...]
Compiling architecture rtl of entity floating_point_v7_1_16.delay [\delay(length=2)\]
Compiling architecture dsp48e1_v of entity unisim.DSP48E1 [\DSP48E1(mask="11111111000000000...]
Compiling architecture synth of entity xbip_pipe_v3_0_7.xbip_pipe_v3_0_7_viv [\xbip_pipe_v3_0_7_viv(c_has_ce=1...]
Compiling architecture rtl of entity floating_point_v7_1_16.delay [\delay(width=4,length=0)\]
Compiling architecture synth of entity xbip_pipe_v3_0_7.xbip_pipe_v3_0_7_viv [\xbip_pipe_v3_0_7_viv(c_has_ce=1...]
Compiling architecture rtl of entity floating_point_v7_1_16.delay [\delay(width=48,length=0)\]
Compiling architecture synth of entity xbip_pipe_v3_0_7.xbip_pipe_v3_0_7_viv [\xbip_pipe_v3_0_7_viv(c_has_ce=1...]
Compiling architecture rtl of entity floating_point_v7_1_16.delay [\delay(width=24,length=0)\]
Compiling architecture synth of entity xbip_pipe_v3_0_7.xbip_pipe_v3_0_7_viv [\xbip_pipe_v3_0_7_viv(c_has_ce=1...]
Compiling architecture rtl of entity floating_point_v7_1_16.delay [\delay(width=16,length=0)\]
Compiling architecture rtl of entity floating_point_v7_1_16.dsp48e1_wrapper [\dsp48e1_wrapper(c_part="xc7k325...]
Compiling architecture synth of entity xbip_pipe_v3_0_7.xbip_pipe_v3_0_7_viv [\xbip_pipe_v3_0_7_viv(c_latency=...]
Compiling architecture rtl of entity floating_point_v7_1_16.delay [\delay(length=3)\]
Compiling architecture synth of entity xbip_pipe_v3_0_7.xbip_pipe_v3_0_7_viv [\xbip_pipe_v3_0_7_viv(c_has_ce=1...]
Compiling architecture rtl of entity floating_point_v7_1_16.delay [\delay(width=13,length=0)\]
Compiling architecture synth of entity xbip_pipe_v3_0_7.xbip_pipe_v3_0_7_viv [\xbip_pipe_v3_0_7_viv(c_has_ce=1...]
Compiling architecture rtl of entity floating_point_v7_1_16.delay [\delay(width=27,length=0)\]
Compiling architecture synth of entity floating_point_v7_1_16.align_add_dsp48e1_sgl [\align_add_dsp48e1_sgl(c_xdevice...]
Compiling architecture lut5_v of entity unisim.LUT5 [\LUT5(init="00000000000000001111...]
Compiling architecture lut5_v of entity unisim.LUT5 [\LUT5(init="00000000000000000000...]
Compiling architecture synth of entity xbip_pipe_v3_0_7.xbip_pipe_v3_0_7_viv [\xbip_pipe_v3_0_7_viv(c_latency=...]
Compiling architecture rtl of entity floating_point_v7_1_16.delay [\delay(width=27)\]
Compiling architecture synth of entity xbip_pipe_v3_0_7.xbip_pipe_v3_0_7_viv [\xbip_pipe_v3_0_7_viv(c_latency=...]
Compiling architecture rtl of entity floating_point_v7_1_16.delay [\delay(width=5)\]
Compiling architecture rtl of entity floating_point_v7_1_16.lead_zero_encode_shift [\lead_zero_encode_shift(ab_fw=24...]
Compiling architecture synth of entity xbip_pipe_v3_0_7.xbip_pipe_v3_0_7_viv [\xbip_pipe_v3_0_7_viv(c_latency=...]
Compiling architecture rtl of entity floating_point_v7_1_16.delay [\delay(width=4)\]
Compiling architecture synth of entity xbip_pipe_v3_0_7.xbip_pipe_v3_0_7_viv [\xbip_pipe_v3_0_7_viv(c_latency=...]
Compiling architecture rtl of entity floating_point_v7_1_16.delay [\delay(width=3)\]
Compiling architecture lut6_v of entity unisim.LUT6 [\LUT6(init="11111110010101001011...]
Compiling architecture lut5_v of entity unisim.LUT5 [\LUT5(init="00010001010111110000...]
Compiling architecture lut5_v of entity unisim.LUT5 [\LUT5(init="11101110101000001111...]
Compiling architecture synth of entity xbip_pipe_v3_0_7.xbip_pipe_v3_0_7_viv [\xbip_pipe_v3_0_7_viv(c_latency=...]
Compiling architecture rtl of entity floating_point_v7_1_16.delay [\delay(width=2,length=2)\]
Compiling architecture dsp48e1_v of entity unisim.DSP48E1 [\DSP48E1(acascreg=2,adreg=0,areg...]
Compiling architecture synth of entity xbip_pipe_v3_0_7.xbip_pipe_v3_0_7_viv [\xbip_pipe_v3_0_7_viv(c_has_ce=1...]
Compiling architecture rtl of entity floating_point_v7_1_16.delay [\delay(width=25,length=0)\]
Compiling architecture rtl of entity floating_point_v7_1_16.dsp48e1_wrapper [\dsp48e1_wrapper(a_width=24,c_wi...]
Compiling architecture rtl of entity floating_point_v7_1_16.norm_and_round_dsp48e1_sgl [\norm_and_round_dsp48e1_sgl(c_mu...]
Compiling architecture lut5_v of entity unisim.LUT5 [\LUT5(init="10011001100110011001...]
Compiling architecture lut5_v of entity unisim.LUT5 [\LUT5(init="11111111000000001111...]
Compiling architecture synth of entity xbip_pipe_v3_0_7.xbip_pipe_v3_0_7_viv [\xbip_pipe_v3_0_7_viv(c_has_ce=1...]
Compiling architecture rtl of entity floating_point_v7_1_16.delay [\delay(width=9,length=0)\]
Compiling architecture struct of entity floating_point_v7_1_16.carry_chain [\carry_chain(c_xdevicefamily="ki...]
Compiling architecture synth of entity xbip_pipe_v3_0_7.xbip_pipe_v3_0_7_viv [\xbip_pipe_v3_0_7_viv(c_latency=...]
Compiling architecture rtl of entity floating_point_v7_1_16.delay [\delay(width=9)\]
Compiling architecture synth of entity xbip_pipe_v3_0_7.xbip_pipe_v3_0_7_viv [\xbip_pipe_v3_0_7_viv(c_latency=...]
Compiling architecture rtl of entity floating_point_v7_1_16.delay [\delay(width=9,length=5)\]
Compiling architecture synth of entity xbip_pipe_v3_0_7.xbip_pipe_v3_0_7_viv [\xbip_pipe_v3_0_7_viv(c_latency=...]
Compiling architecture rtl of entity floating_point_v7_1_16.delay [\delay(width=10)\]
Compiling architecture synth of entity xbip_pipe_v3_0_7.xbip_pipe_v3_0_7_viv [\xbip_pipe_v3_0_7_viv(c_latency=...]
Compiling architecture rtl of entity floating_point_v7_1_16.delay [\delay(width=4,fast_input=true)\]
Compiling architecture synth of entity xbip_pipe_v3_0_7.xbip_pipe_v3_0_7_viv [\xbip_pipe_v3_0_7_viv(c_has_ce=1...]
Compiling architecture rtl of entity floating_point_v7_1_16.delay [\delay(width=8,length=0)\]
Compiling architecture struct of entity floating_point_v7_1_16.carry_chain [\carry_chain(c_xdevicefamily="ki...]
Compiling architecture synth of entity floating_point_v7_1_16.compare_eq_im [\compare_eq_im(c_xdevicefamily="...]
Compiling architecture synth of entity xbip_pipe_v3_0_7.xbip_pipe_v3_0_7_viv [\xbip_pipe_v3_0_7_viv(c_latency=...]
Compiling architecture rtl of entity floating_point_v7_1_16.delay [\delay(fast_input=true)\]
Compiling architecture rtl of entity floating_point_v7_1_16.special_detect [\special_detect(a_fw=24)(1,7)\]
Compiling architecture struct of entity floating_point_v7_1_16.carry_chain [\carry_chain(c_xdevicefamily="ki...]
Compiling architecture synth of entity floating_point_v7_1_16.compare_gt [\compare_gt(c_xdevicefamily="kin...]
Compiling architecture synth of entity floating_point_v7_1_16.compare [\compare(c_xdevicefamily="kintex...]
Compiling architecture synth of entity xbip_pipe_v3_0_7.xbip_pipe_v3_0_7_viv [\xbip_pipe_v3_0_7_viv(c_latency=...]
Compiling architecture rtl of entity floating_point_v7_1_16.delay [\delay(width=8)\]
Compiling architecture synth of entity xbip_pipe_v3_0_7.xbip_pipe_v3_0_7_viv [\xbip_pipe_v3_0_7_viv(c_latency=...]
Compiling architecture rtl of entity floating_point_v7_1_16.delay [\delay(width=2,length=8,fast_inp...]
Compiling architecture synth of entity xbip_pipe_v3_0_7.xbip_pipe_v3_0_7_viv [\xbip_pipe_v3_0_7_viv(c_latency=...]
Compiling architecture rtl of entity floating_point_v7_1_16.delay [\delay(length=9,fast_input=true)...]
Compiling architecture synth of entity xbip_pipe_v3_0_7.xbip_pipe_v3_0_7_viv [\xbip_pipe_v3_0_7_viv(c_latency=...]
Compiling architecture rtl of entity floating_point_v7_1_16.delay [\delay(length=8,fast_input=true)...]
Compiling architecture synth of entity xbip_pipe_v3_0_7.xbip_pipe_v3_0_7_viv [\xbip_pipe_v3_0_7_viv(c_latency=...]
Compiling architecture rtl of entity floating_point_v7_1_16.delay [\delay(length=3,fast_input=true)...]
Compiling architecture synth of entity xbip_pipe_v3_0_7.xbip_pipe_v3_0_7_viv [\xbip_pipe_v3_0_7_viv(c_has_ce=1...]
Compiling architecture rtl of entity floating_point_v7_1_16.delay [\delay(width=2,length=0,fast_inp...]
Compiling architecture synth of entity xbip_pipe_v3_0_7.xbip_pipe_v3_0_7_viv [\xbip_pipe_v3_0_7_viv(c_latency=...]
Compiling architecture rtl of entity floating_point_v7_1_16.delay [\delay(width=12)\]
Compiling architecture rtl of entity floating_point_v7_1_16.flt_add_exp_sp [\flt_add_exp_sp(c_xdevicefamily=...]
Compiling architecture synth of entity xbip_pipe_v3_0_7.xbip_pipe_v3_0_7_viv [\xbip_pipe_v3_0_7_viv(c_latency=...]
Compiling architecture rtl of entity floating_point_v7_1_16.delay [\delay(width=23)\]
Compiling architecture synth of entity floating_point_v7_1_16.flt_dec_op [\flt_dec_op(c_xdevicefamily="kin...]
Compiling architecture rtl of entity floating_point_v7_1_16.flt_add_dsp [\flt_add_dsp(c_xdevicefamily="ki...]
Compiling architecture rtl of entity floating_point_v7_1_16.flt_add [\flt_add(c_xdevicefamily="kintex...]
Compiling module unisims_ver.x_lut1_mux2
Compiling module unisims_ver.LUT1
Compiling architecture synth of entity xbip_pipe_v3_0_7.xbip_pipe_v3_0_7_viv [\xbip_pipe_v3_0_7_viv(c_latency=...]
Compiling architecture synth of entity xbip_pipe_v3_0_7.xbip_pipe_v3_0_7_viv [\xbip_pipe_v3_0_7_viv(c_has_ce=1...]
Compiling architecture rtl of entity floating_point_v7_1_16.delay [\delay(width=32,length=0)\]
Compiling architecture xilinx of entity floating_point_v7_1_16.floating_point_v7_1_16_viv [\floating_point_v7_1_16_viv(c_xd...]
Compiling architecture xilinx of entity floating_point_v7_1_16.floating_point_v7_1_16 [\floating_point_v7_1_16(c_xdevic...]
Compiling module xil_defaultlib.fadd_single
Compiling architecture rtl of entity floating_point_v7_1_16.flt_add [\flt_add(c_xdevicefamily="kintex...]
Compiling architecture xilinx of entity floating_point_v7_1_16.floating_point_v7_1_16_viv [\floating_point_v7_1_16_viv(c_xd...]
Compiling architecture xilinx of entity floating_point_v7_1_16.floating_point_v7_1_16 [\floating_point_v7_1_16(c_xdevic...]
Compiling module xil_defaultlib.fsub_single
Compiling architecture synth of entity xbip_pipe_v3_0_7.xbip_pipe_v3_0_7_viv [\xbip_pipe_v3_0_7_viv(c_latency=...]
Compiling architecture rtl of entity floating_point_v7_1_16.delay [\delay(width=26,fast_input=true)...]
Compiling architecture synth of entity xbip_pipe_v3_0_7.xbip_pipe_v3_0_7_viv [\xbip_pipe_v3_0_7_viv(c_latency=...]
Compiling architecture rtl of entity floating_point_v7_1_16.delay [\delay(width=2,fast_input=true)\]
Compiling architecture xilinx of entity mult_gen_v12_0_19.delay_line [\delay_line(c_xdevicefamily="kin...]
Compiling architecture xilinx of entity mult_gen_v12_0_19.delay_line [\delay_line(c_xdevicefamily="kin...]
Compiling architecture xilinx of entity mult_gen_v12_0_19.delay_line [\delay_line(c_xdevicefamily="kin...]
Compiling architecture xilinx of entity mult_gen_v12_0_19.delay_line [\delay_line(c_xdevicefamily="kin...]
Compiling architecture dsp48e1_v of entity unisim.DSP48E1 [\DSP48E1(alumodereg=0,carryinreg...]
Compiling architecture xilinx of entity mult_gen_v12_0_19.delay_line [\delay_line(c_xdevicefamily="kin...]
Compiling architecture dsp48e1_v of entity unisim.DSP48E1 [\DSP48E1(a_input="CASCADE",bcasc...]
Compiling architecture xilinx of entity mult_gen_v12_0_19.delay_line [\delay_line(c_xdevicefamily="kin...]
Compiling architecture xilinx of entity mult_gen_v12_0_19.delay_line [\delay_line(c_xdevicefamily="kin...]
Compiling architecture xilinx of entity mult_gen_v12_0_19.op_resize [\op_resize(ai_width=24,bi_width=...]
Compiling architecture xilinx of entity mult_gen_v12_0_19.dsp [\dsp(c_xdevicefamily="kintex7",c...]
Compiling architecture xilinx of entity mult_gen_v12_0_19.mult_gen_v12_0_19_viv [\mult_gen_v12_0_19_viv(c_verbosi...]
Compiling architecture rtl of entity floating_point_v7_1_16.fix_mult_xx [\fix_mult_xx(c_xdevicefamily="ki...]
Compiling architecture rtl of entity floating_point_v7_1_16.fix_mult [\fix_mult(c_xdevicefamily="kinte...]
Compiling architecture synth of entity xbip_pipe_v3_0_7.xbip_pipe_v3_0_7_viv [\xbip_pipe_v3_0_7_viv(c_latency=...]
Compiling architecture rtl of entity floating_point_v7_1_16.delay [\delay(width=7)\]
Compiling architecture synth of entity xbip_pipe_v3_0_7.xbip_pipe_v3_0_7_viv [\xbip_pipe_v3_0_7_viv(c_latency=...]
Compiling architecture rtl of entity floating_point_v7_1_16.delay [\delay(width=8,fast_input=true)\]
Compiling architecture struct of entity floating_point_v7_1_16.carry_chain [\carry_chain(c_xdevicefamily="ki...]
Compiling architecture synth of entity xbip_pipe_v3_0_7.xbip_pipe_v3_0_7_viv [\xbip_pipe_v3_0_7_viv(c_latency=...]
Compiling architecture rtl of entity floating_point_v7_1_16.delay [\delay(length=4)\]
Compiling architecture synth of entity xbip_pipe_v3_0_7.xbip_pipe_v3_0_7_viv [\xbip_pipe_v3_0_7_viv(c_latency=...]
Compiling architecture rtl of entity floating_point_v7_1_16.delay [\delay(width=2,length=4,fast_inp...]
Compiling architecture synth of entity xbip_pipe_v3_0_7.xbip_pipe_v3_0_7_viv [\xbip_pipe_v3_0_7_viv(c_latency=...]
Compiling architecture rtl of entity floating_point_v7_1_16.delay [\delay(length=4,fast_input=true)...]
Compiling architecture synth of entity xbip_pipe_v3_0_7.xbip_pipe_v3_0_7_viv [\xbip_pipe_v3_0_7_viv(c_latency=...]
Compiling architecture rtl of entity floating_point_v7_1_16.delay [\delay(length=6,fast_input=true)...]
Compiling architecture synth of entity xbip_pipe_v3_0_7.xbip_pipe_v3_0_7_viv [\xbip_pipe_v3_0_7_viv(c_latency=...]
Compiling architecture rtl of entity floating_point_v7_1_16.delay [\delay(width=4,length=4,fast_inp...]
Compiling architecture synth of entity xbip_pipe_v3_0_7.xbip_pipe_v3_0_7_viv [\xbip_pipe_v3_0_7_viv(c_latency=...]
Compiling architecture rtl of entity floating_point_v7_1_16.delay [\delay(width=8,length=4)\]
Compiling architecture synth of entity xbip_pipe_v3_0_7.xbip_pipe_v3_0_7_viv [\xbip_pipe_v3_0_7_viv(c_latency=...]
Compiling architecture rtl of entity floating_point_v7_1_16.delay [\delay(length=2,fast_input=true)...]
Compiling architecture synth of entity xbip_pipe_v3_0_7.xbip_pipe_v3_0_7_viv [\xbip_pipe_v3_0_7_viv(c_latency=...]
Compiling architecture rtl of entity floating_point_v7_1_16.delay [\delay(width=3,fast_input=true)\]
Compiling architecture synth of entity xbip_pipe_v3_0_7.xbip_pipe_v3_0_7_viv [\xbip_pipe_v3_0_7_viv(c_latency=...]
Compiling architecture rtl of entity floating_point_v7_1_16.delay [\delay(width=4,length=2,fast_inp...]
Compiling architecture synth of entity xbip_pipe_v3_0_7.xbip_pipe_v3_0_7_viv [\xbip_pipe_v3_0_7_viv(c_latency=...]
Compiling architecture rtl of entity floating_point_v7_1_16.delay [\delay(width=14)\]
Compiling architecture rtl of entity floating_point_v7_1_16.flt_mult_exp [\flt_mult_exp(c_xdevicefamily="k...]
Compiling architecture synth of entity xbip_pipe_v3_0_7.xbip_pipe_v3_0_7_viv [\xbip_pipe_v3_0_7_viv(c_latency=...]
Compiling architecture rtl of entity floating_point_v7_1_16.delay [\delay(width=8,length=2)\]
Compiling architecture synth of entity xbip_pipe_v3_0_7.xbip_pipe_v3_0_7_viv [\xbip_pipe_v3_0_7_viv(c_latency=...]
Compiling architecture rtl of entity floating_point_v7_1_16.delay [\delay(width=11)\]
Compiling architecture synth of entity xbip_pipe_v3_0_7.xbip_pipe_v3_0_7_viv [\xbip_pipe_v3_0_7_viv(c_latency=...]
Compiling architecture rtl of entity floating_point_v7_1_16.delay [\delay(width=12,length=2,fast_in...]
Compiling architecture struct of entity floating_point_v7_1_16.carry_chain [\carry_chain(c_xdevicefamily="ki...]
Compiling architecture synth of entity xbip_pipe_v3_0_7.xbip_pipe_v3_0_7_viv [\xbip_pipe_v3_0_7_viv(c_latency=...]
Compiling architecture rtl of entity floating_point_v7_1_16.delay [\delay(width=12,fast_input=true)...]
Compiling architecture struct of entity floating_point_v7_1_16.carry_chain [\carry_chain(c_xdevicefamily="ki...]
Compiling architecture struct of entity floating_point_v7_1_16.carry_chain [\carry_chain(c_xdevicefamily="ki...]
Compiling architecture synth of entity xbip_pipe_v3_0_7.xbip_pipe_v3_0_7_viv [\xbip_pipe_v3_0_7_viv(c_has_ce=1...]
Compiling architecture rtl of entity floating_point_v7_1_16.delay [\delay(width=14,length=0)\]
Compiling architecture synth of entity xbip_pipe_v3_0_7.xbip_pipe_v3_0_7_viv [\xbip_pipe_v3_0_7_viv(c_has_ce=1...]
Compiling architecture rtl of entity floating_point_v7_1_16.delay [\delay(width=25,length=0,fast_in...]
Compiling architecture synth of entity xbip_pipe_v3_0_7.xbip_pipe_v3_0_7_viv [\xbip_pipe_v3_0_7_viv(c_has_ce=1...]
Compiling architecture rtl of entity floating_point_v7_1_16.delay [\delay(width=3,length=0)\]
Compiling architecture synth of entity xbip_pipe_v3_0_7.xbip_pipe_v3_0_7_viv [\xbip_pipe_v3_0_7_viv(c_has_ce=1...]
Compiling architecture rtl of entity floating_point_v7_1_16.delay [\delay(width=2,length=0)\]
Compiling architecture struct of entity floating_point_v7_1_16.carry_chain [\carry_chain(c_xdevicefamily="ki...]
Compiling architecture rtl of entity floating_point_v7_1_16.flt_round_bit [\flt_round_bit(c_xdevicefamily="...]
Compiling architecture rtl of entity floating_point_v7_1_16.renorm_and_round_logic [\renorm_and_round_logic(c_xdevic...]
Compiling architecture rtl of entity floating_point_v7_1_16.flt_mult_round [\flt_mult_round(c_xdevicefamily=...]
Compiling architecture synth of entity floating_point_v7_1_16.flt_dec_op_lat [\flt_dec_op_lat(c_xdevicefamily=...]
Compiling architecture rtl of entity floating_point_v7_1_16.flt_mult [\flt_mult(c_xdevicefamily="kinte...]
Compiling architecture xilinx of entity floating_point_v7_1_16.floating_point_v7_1_16_viv [\floating_point_v7_1_16_viv(c_xd...]
Compiling architecture xilinx of entity floating_point_v7_1_16.floating_point_v7_1_16 [\floating_point_v7_1_16(c_xdevic...]
Compiling module xil_defaultlib.floating_point_mul_s
Compiling architecture synth of entity xbip_pipe_v3_0_7.xbip_pipe_v3_0_7_viv [\xbip_pipe_v3_0_7_viv(c_latency=...]
Compiling architecture rtl of entity floating_point_v7_1_16.delay [\delay(width=25,fast_input=true)...]
Compiling architecture struct of entity floating_point_v7_1_16.carry_chain [\carry_chain(c_xdevicefamily="ki...]
Compiling architecture synth of entity floating_point_v7_1_16.flt_div_mant_addsub [\flt_div_mant_addsub(c_xdevicefa...]
Compiling architecture synth of entity xbip_pipe_v3_0_7.xbip_pipe_v3_0_7_viv [\xbip_pipe_v3_0_7_viv(c_latency=...]
Compiling architecture rtl of entity floating_point_v7_1_16.delay [\delay(width=26)\]
Compiling architecture synth of entity xbip_pipe_v3_0_7.xbip_pipe_v3_0_7_viv [\xbip_pipe_v3_0_7_viv(c_has_ce=1...]
Compiling architecture rtl of entity floating_point_v7_1_16.delay [\delay(width=26,length=0)\]
Compiling architecture virtex of entity floating_point_v7_1_16.flt_div_mant [\flt_div_mant(c_xdevicefamily="k...]
Compiling architecture synth of entity xbip_pipe_v3_0_7.xbip_pipe_v3_0_7_viv [\xbip_pipe_v3_0_7_viv(c_latency=...]
Compiling architecture rtl of entity floating_point_v7_1_16.delay [\delay(width=10,length=2,fast_in...]
Compiling architecture rtl of entity floating_point_v7_1_16.special_detect [\special_detect(c_xdevicefamily=...]
Compiling architecture synth of entity xbip_pipe_v3_0_7.xbip_pipe_v3_0_7_viv [\xbip_pipe_v3_0_7_viv(c_latency=...]
Compiling architecture rtl of entity floating_point_v7_1_16.delay [\delay(length=25,fast_input=true...]
Compiling architecture synth of entity xbip_pipe_v3_0_7.xbip_pipe_v3_0_7_viv [\xbip_pipe_v3_0_7_viv(c_latency=...]
Compiling architecture rtl of entity floating_point_v7_1_16.delay [\delay(width=2,length=2,fast_inp...]
Compiling architecture synth of entity xbip_pipe_v3_0_7.xbip_pipe_v3_0_7_viv [\xbip_pipe_v3_0_7_viv(c_latency=...]
Compiling architecture rtl of entity floating_point_v7_1_16.delay [\delay(length=26,fast_input=true...]
Compiling architecture synth of entity xbip_pipe_v3_0_7.xbip_pipe_v3_0_7_viv [\xbip_pipe_v3_0_7_viv(c_latency=...]
Compiling architecture rtl of entity floating_point_v7_1_16.delay [\delay(width=8,length=24)\]
Compiling architecture synth of entity xbip_pipe_v3_0_7.xbip_pipe_v3_0_7_viv [\xbip_pipe_v3_0_7_viv(c_latency=...]
Compiling architecture rtl of entity floating_point_v7_1_16.delay [\delay(length=24,fast_input=true...]
Compiling architecture synth of entity xbip_pipe_v3_0_7.xbip_pipe_v3_0_7_viv [\xbip_pipe_v3_0_7_viv(c_latency=...]
Compiling architecture rtl of entity floating_point_v7_1_16.delay [\delay(width=3,length=23,fast_in...]
Compiling architecture synth of entity xbip_pipe_v3_0_7.xbip_pipe_v3_0_7_viv [\xbip_pipe_v3_0_7_viv(c_latency=...]
Compiling architecture rtl of entity floating_point_v7_1_16.delay [\delay(width=4,length=24,fast_in...]
Compiling architecture synth of entity xbip_pipe_v3_0_7.xbip_pipe_v3_0_7_viv [\xbip_pipe_v3_0_7_viv(c_latency=...]
Compiling architecture rtl of entity floating_point_v7_1_16.delay [\delay(length=23,fast_input=true...]
Compiling architecture rtl of entity floating_point_v7_1_16.flt_div_exp [\flt_div_exp(c_xdevicefamily="no...]
Compiling architecture synth of entity xbip_pipe_v3_0_7.xbip_pipe_v3_0_7_viv [\xbip_pipe_v3_0_7_viv(c_has_ce=1...]
Compiling architecture rtl of entity floating_point_v7_1_16.delay [\delay(width=11,length=0)\]
Compiling architecture struct of entity floating_point_v7_1_16.carry_chain [\carry_chain(c_xdevicefamily="ki...]
Compiling architecture rtl of entity floating_point_v7_1_16.flt_round_bit [\flt_round_bit(c_xdevicefamily="...]
Compiling architecture rtl of entity floating_point_v7_1_16.renorm_and_round_logic [\renorm_and_round_logic(c_xdevic...]
Compiling architecture synth of entity floating_point_v7_1_16.flt_dec_op_lat [\flt_dec_op_lat(c_xdevicefamily=...]
Compiling architecture virtex of entity floating_point_v7_1_16.flt_div [\flt_div(c_xdevicefamily="kintex...]
Compiling architecture synth of entity xbip_pipe_v3_0_7.xbip_pipe_v3_0_7_viv [\xbip_pipe_v3_0_7_viv(c_latency=...]
Compiling architecture xilinx of entity floating_point_v7_1_16.floating_point_v7_1_16_viv [\floating_point_v7_1_16_viv(c_xd...]
Compiling architecture xilinx of entity floating_point_v7_1_16.floating_point_v7_1_16 [\floating_point_v7_1_16(c_xdevic...]
Compiling module xil_defaultlib.div_single
Compiling architecture synth of entity xbip_pipe_v3_0_7.xbip_pipe_v3_0_7_viv [\xbip_pipe_v3_0_7_viv(c_latency=...]
Compiling architecture rtl of entity floating_point_v7_1_16.delay [\delay(width=25)\]
Compiling architecture synth of entity xbip_pipe_v3_0_7.xbip_pipe_v3_0_7_viv [\xbip_pipe_v3_0_7_viv(c_latency=...]
Compiling architecture rtl of entity floating_point_v7_1_16.delay [\delay(width=5,fast_input=true)\]
Compiling architecture struct of entity floating_point_v7_1_16.carry_chain [\carry_chain(c_xdevicefamily="ki...]
Compiling architecture synth of entity floating_point_v7_1_16.flt_sqrt_mant_addsub [\flt_sqrt_mant_addsub(c_xdevicef...]
Compiling architecture synth of entity xbip_pipe_v3_0_7.xbip_pipe_v3_0_7_viv [\xbip_pipe_v3_0_7_viv(c_latency=...]
Compiling architecture rtl of entity floating_point_v7_1_16.delay [\delay(width=2)\]
Compiling architecture synth of entity xbip_pipe_v3_0_7.xbip_pipe_v3_0_7_viv [\xbip_pipe_v3_0_7_viv(c_latency=...]
Compiling architecture rtl of entity floating_point_v7_1_16.delay [\delay(width=24)\]
Compiling architecture synth of entity xbip_pipe_v3_0_7.xbip_pipe_v3_0_7_viv [\xbip_pipe_v3_0_7_viv(c_has_ce=1...]
Compiling architecture rtl of entity floating_point_v7_1_16.delay [\delay(width=5,length=0)\]
Compiling architecture synth of entity xbip_pipe_v3_0_7.xbip_pipe_v3_0_7_viv [\xbip_pipe_v3_0_7_viv(c_latency=...]
Compiling architecture rtl of entity floating_point_v7_1_16.delay [\delay(width=6,fast_input=true)\]
Compiling architecture struct of entity floating_point_v7_1_16.carry_chain [\carry_chain(c_xdevicefamily="ki...]
Compiling architecture synth of entity floating_point_v7_1_16.flt_sqrt_mant_addsub [\flt_sqrt_mant_addsub(c_xdevicef...]
Compiling architecture synth of entity xbip_pipe_v3_0_7.xbip_pipe_v3_0_7_viv [\xbip_pipe_v3_0_7_viv(c_latency=...]
Compiling architecture rtl of entity floating_point_v7_1_16.delay [\delay(width=22)\]
Compiling architecture synth of entity xbip_pipe_v3_0_7.xbip_pipe_v3_0_7_viv [\xbip_pipe_v3_0_7_viv(c_has_ce=1...]
Compiling architecture rtl of entity floating_point_v7_1_16.delay [\delay(width=6,length=0)\]
Compiling architecture synth of entity xbip_pipe_v3_0_7.xbip_pipe_v3_0_7_viv [\xbip_pipe_v3_0_7_viv(c_latency=...]
Compiling architecture rtl of entity floating_point_v7_1_16.delay [\delay(width=7,fast_input=true)\]
Compiling architecture struct of entity floating_point_v7_1_16.carry_chain [\carry_chain(c_xdevicefamily="ki...]
Compiling architecture synth of entity floating_point_v7_1_16.flt_sqrt_mant_addsub [\flt_sqrt_mant_addsub(c_xdevicef...]
Compiling architecture synth of entity xbip_pipe_v3_0_7.xbip_pipe_v3_0_7_viv [\xbip_pipe_v3_0_7_viv(c_latency=...]
Compiling architecture rtl of entity floating_point_v7_1_16.delay [\delay(width=20)\]
Compiling architecture struct of entity floating_point_v7_1_16.carry_chain [\carry_chain(c_xdevicefamily="ki...]
Compiling architecture synth of entity floating_point_v7_1_16.flt_sqrt_mant_addsub [\flt_sqrt_mant_addsub(c_xdevicef...]
Compiling architecture synth of entity xbip_pipe_v3_0_7.xbip_pipe_v3_0_7_viv [\xbip_pipe_v3_0_7_viv(c_latency=...]
Compiling architecture rtl of entity floating_point_v7_1_16.delay [\delay(width=18)\]
Compiling architecture synth of entity xbip_pipe_v3_0_7.xbip_pipe_v3_0_7_viv [\xbip_pipe_v3_0_7_viv(c_latency=...]
Compiling architecture rtl of entity floating_point_v7_1_16.delay [\delay(width=9,fast_input=true)\]
Compiling architecture struct of entity floating_point_v7_1_16.carry_chain [\carry_chain(c_xdevicefamily="ki...]
Compiling architecture synth of entity floating_point_v7_1_16.flt_sqrt_mant_addsub [\flt_sqrt_mant_addsub(c_xdevicef...]
Compiling architecture synth of entity xbip_pipe_v3_0_7.xbip_pipe_v3_0_7_viv [\xbip_pipe_v3_0_7_viv(c_latency=...]
Compiling architecture rtl of entity floating_point_v7_1_16.delay [\delay(width=6)\]
Compiling architecture synth of entity xbip_pipe_v3_0_7.xbip_pipe_v3_0_7_viv [\xbip_pipe_v3_0_7_viv(c_latency=...]
Compiling architecture rtl of entity floating_point_v7_1_16.delay [\delay(width=10,fast_input=true)...]
Compiling architecture struct of entity floating_point_v7_1_16.carry_chain [\carry_chain(c_xdevicefamily="ki...]
Compiling architecture synth of entity floating_point_v7_1_16.flt_sqrt_mant_addsub [\flt_sqrt_mant_addsub(c_xdevicef...]
Compiling architecture synth of entity xbip_pipe_v3_0_7.xbip_pipe_v3_0_7_viv [\xbip_pipe_v3_0_7_viv(c_has_ce=1...]
Compiling architecture rtl of entity floating_point_v7_1_16.delay [\delay(width=10,length=0)\]
Compiling architecture synth of entity xbip_pipe_v3_0_7.xbip_pipe_v3_0_7_viv [\xbip_pipe_v3_0_7_viv(c_latency=...]
Compiling architecture rtl of entity floating_point_v7_1_16.delay [\delay(width=11,fast_input=true)...]
Compiling architecture struct of entity floating_point_v7_1_16.carry_chain [\carry_chain(c_xdevicefamily="ki...]
Compiling architecture synth of entity floating_point_v7_1_16.flt_sqrt_mant_addsub [\flt_sqrt_mant_addsub(c_xdevicef...]
Compiling architecture struct of entity floating_point_v7_1_16.carry_chain [\carry_chain(c_xdevicefamily="ki...]
Compiling architecture synth of entity floating_point_v7_1_16.flt_sqrt_mant_addsub [\flt_sqrt_mant_addsub(c_xdevicef...]
Compiling architecture synth of entity xbip_pipe_v3_0_7.xbip_pipe_v3_0_7_viv [\xbip_pipe_v3_0_7_viv(c_has_ce=1...]
Compiling architecture rtl of entity floating_point_v7_1_16.delay [\delay(width=12,length=0)\]
Compiling architecture synth of entity xbip_pipe_v3_0_7.xbip_pipe_v3_0_7_viv [\xbip_pipe_v3_0_7_viv(c_latency=...]
Compiling architecture rtl of entity floating_point_v7_1_16.delay [\delay(width=13,fast_input=true)...]
Compiling architecture struct of entity floating_point_v7_1_16.carry_chain [\carry_chain(c_xdevicefamily="ki...]
Compiling architecture synth of entity floating_point_v7_1_16.flt_sqrt_mant_addsub [\flt_sqrt_mant_addsub(c_xdevicef...]
Compiling architecture synth of entity xbip_pipe_v3_0_7.xbip_pipe_v3_0_7_viv [\xbip_pipe_v3_0_7_viv(c_latency=...]
Compiling architecture rtl of entity floating_point_v7_1_16.delay [\delay(width=14,fast_input=true)...]
Compiling architecture struct of entity floating_point_v7_1_16.carry_chain [\carry_chain(c_xdevicefamily="ki...]
Compiling architecture synth of entity floating_point_v7_1_16.flt_sqrt_mant_addsub [\flt_sqrt_mant_addsub(c_xdevicef...]
Compiling architecture synth of entity xbip_pipe_v3_0_7.xbip_pipe_v3_0_7_viv [\xbip_pipe_v3_0_7_viv(c_latency=...]
Compiling architecture rtl of entity floating_point_v7_1_16.delay [\delay(width=15,fast_input=true)...]
Compiling architecture struct of entity floating_point_v7_1_16.carry_chain [\carry_chain(c_xdevicefamily="ki...]
Compiling architecture synth of entity floating_point_v7_1_16.flt_sqrt_mant_addsub [\flt_sqrt_mant_addsub(c_xdevicef...]
Compiling architecture synth of entity xbip_pipe_v3_0_7.xbip_pipe_v3_0_7_viv [\xbip_pipe_v3_0_7_viv(c_has_ce=1...]
Compiling architecture rtl of entity floating_point_v7_1_16.delay [\delay(width=15,length=0)\]
Compiling architecture synth of entity xbip_pipe_v3_0_7.xbip_pipe_v3_0_7_viv [\xbip_pipe_v3_0_7_viv(c_latency=...]
Compiling architecture rtl of entity floating_point_v7_1_16.delay [\delay(width=16,fast_input=true)...]
Compiling architecture struct of entity floating_point_v7_1_16.carry_chain [\carry_chain(c_xdevicefamily="ki...]
Compiling architecture synth of entity floating_point_v7_1_16.flt_sqrt_mant_addsub [\flt_sqrt_mant_addsub(c_xdevicef...]
Compiling architecture synth of entity xbip_pipe_v3_0_7.xbip_pipe_v3_0_7_viv [\xbip_pipe_v3_0_7_viv(c_latency=...]
Compiling architecture rtl of entity floating_point_v7_1_16.delay [\delay(width=13)\]
Compiling architecture synth of entity xbip_pipe_v3_0_7.xbip_pipe_v3_0_7_viv [\xbip_pipe_v3_0_7_viv(c_latency=...]
Compiling architecture rtl of entity floating_point_v7_1_16.delay [\delay(width=17,fast_input=true)...]
Compiling architecture struct of entity floating_point_v7_1_16.carry_chain [\carry_chain(c_xdevicefamily="ki...]
Compiling architecture synth of entity floating_point_v7_1_16.flt_sqrt_mant_addsub [\flt_sqrt_mant_addsub(c_xdevicef...]
Compiling architecture synth of entity xbip_pipe_v3_0_7.xbip_pipe_v3_0_7_viv [\xbip_pipe_v3_0_7_viv(c_has_ce=1...]
Compiling architecture rtl of entity floating_point_v7_1_16.delay [\delay(width=17,length=0)\]
Compiling architecture synth of entity xbip_pipe_v3_0_7.xbip_pipe_v3_0_7_viv [\xbip_pipe_v3_0_7_viv(c_latency=...]
Compiling architecture rtl of entity floating_point_v7_1_16.delay [\delay(width=18,fast_input=true)...]
Compiling architecture struct of entity floating_point_v7_1_16.carry_chain [\carry_chain(c_xdevicefamily="ki...]
Compiling architecture synth of entity floating_point_v7_1_16.flt_sqrt_mant_addsub [\flt_sqrt_mant_addsub(c_xdevicef...]
Compiling architecture synth of entity xbip_pipe_v3_0_7.xbip_pipe_v3_0_7_viv [\xbip_pipe_v3_0_7_viv(c_latency=...]
Compiling architecture rtl of entity floating_point_v7_1_16.delay [\delay(width=15)\]
Compiling architecture synth of entity xbip_pipe_v3_0_7.xbip_pipe_v3_0_7_viv [\xbip_pipe_v3_0_7_viv(c_has_ce=1...]
Compiling architecture rtl of entity floating_point_v7_1_16.delay [\delay(width=18,length=0)\]
Compiling architecture synth of entity xbip_pipe_v3_0_7.xbip_pipe_v3_0_7_viv [\xbip_pipe_v3_0_7_viv(c_latency=...]
Compiling architecture rtl of entity floating_point_v7_1_16.delay [\delay(width=19,fast_input=true)...]
Compiling architecture struct of entity floating_point_v7_1_16.carry_chain [\carry_chain(c_xdevicefamily="ki...]
Compiling architecture synth of entity floating_point_v7_1_16.flt_sqrt_mant_addsub [\flt_sqrt_mant_addsub(c_xdevicef...]
Compiling architecture synth of entity xbip_pipe_v3_0_7.xbip_pipe_v3_0_7_viv [\xbip_pipe_v3_0_7_viv(c_has_ce=1...]
Compiling architecture rtl of entity floating_point_v7_1_16.delay [\delay(width=19,length=0)\]
Compiling architecture synth of entity xbip_pipe_v3_0_7.xbip_pipe_v3_0_7_viv [\xbip_pipe_v3_0_7_viv(c_latency=...]
Compiling architecture rtl of entity floating_point_v7_1_16.delay [\delay(width=20,fast_input=true)...]
Compiling architecture struct of entity floating_point_v7_1_16.carry_chain [\carry_chain(c_xdevicefamily="ki...]
Compiling architecture synth of entity floating_point_v7_1_16.flt_sqrt_mant_addsub [\flt_sqrt_mant_addsub(c_xdevicef...]
Compiling architecture synth of entity xbip_pipe_v3_0_7.xbip_pipe_v3_0_7_viv [\xbip_pipe_v3_0_7_viv(c_latency=...]
Compiling architecture rtl of entity floating_point_v7_1_16.delay [\delay(width=17)\]
Compiling architecture synth of entity xbip_pipe_v3_0_7.xbip_pipe_v3_0_7_viv [\xbip_pipe_v3_0_7_viv(c_has_ce=1...]
Compiling architecture rtl of entity floating_point_v7_1_16.delay [\delay(width=20,length=0)\]
Compiling architecture synth of entity xbip_pipe_v3_0_7.xbip_pipe_v3_0_7_viv [\xbip_pipe_v3_0_7_viv(c_latency=...]
Compiling architecture rtl of entity floating_point_v7_1_16.delay [\delay(width=21,fast_input=true)...]
Compiling architecture struct of entity floating_point_v7_1_16.carry_chain [\carry_chain(c_xdevicefamily="ki...]
Compiling architecture synth of entity floating_point_v7_1_16.flt_sqrt_mant_addsub [\flt_sqrt_mant_addsub(c_xdevicef...]
Compiling architecture synth of entity xbip_pipe_v3_0_7.xbip_pipe_v3_0_7_viv [\xbip_pipe_v3_0_7_viv(c_has_ce=1...]
Compiling architecture rtl of entity floating_point_v7_1_16.delay [\delay(width=21,length=0)\]
Compiling architecture synth of entity xbip_pipe_v3_0_7.xbip_pipe_v3_0_7_viv [\xbip_pipe_v3_0_7_viv(c_latency=...]
Compiling architecture rtl of entity floating_point_v7_1_16.delay [\delay(width=22,fast_input=true)...]
Compiling architecture struct of entity floating_point_v7_1_16.carry_chain [\carry_chain(c_xdevicefamily="ki...]
Compiling architecture synth of entity floating_point_v7_1_16.flt_sqrt_mant_addsub [\flt_sqrt_mant_addsub(c_xdevicef...]
Compiling architecture synth of entity xbip_pipe_v3_0_7.xbip_pipe_v3_0_7_viv [\xbip_pipe_v3_0_7_viv(c_latency=...]
Compiling architecture rtl of entity floating_point_v7_1_16.delay [\delay(width=19)\]
Compiling architecture synth of entity xbip_pipe_v3_0_7.xbip_pipe_v3_0_7_viv [\xbip_pipe_v3_0_7_viv(c_has_ce=1...]
Compiling architecture rtl of entity floating_point_v7_1_16.delay [\delay(width=22,length=0)\]
Compiling architecture synth of entity xbip_pipe_v3_0_7.xbip_pipe_v3_0_7_viv [\xbip_pipe_v3_0_7_viv(c_latency=...]
Compiling architecture rtl of entity floating_point_v7_1_16.delay [\delay(width=23,fast_input=true)...]
Compiling architecture struct of entity floating_point_v7_1_16.carry_chain [\carry_chain(c_xdevicefamily="ki...]
Compiling architecture synth of entity floating_point_v7_1_16.flt_sqrt_mant_addsub [\flt_sqrt_mant_addsub(c_xdevicef...]
Compiling architecture synth of entity xbip_pipe_v3_0_7.xbip_pipe_v3_0_7_viv [\xbip_pipe_v3_0_7_viv(c_has_ce=1...]
Compiling architecture rtl of entity floating_point_v7_1_16.delay [\delay(width=23,length=0)\]
Compiling architecture synth of entity xbip_pipe_v3_0_7.xbip_pipe_v3_0_7_viv [\xbip_pipe_v3_0_7_viv(c_latency=...]
Compiling architecture rtl of entity floating_point_v7_1_16.delay [\delay(width=24,fast_input=true)...]
Compiling architecture struct of entity floating_point_v7_1_16.carry_chain [\carry_chain(c_xdevicefamily="ki...]
Compiling architecture synth of entity floating_point_v7_1_16.flt_sqrt_mant_addsub [\flt_sqrt_mant_addsub(c_xdevicef...]
Compiling architecture synth of entity xbip_pipe_v3_0_7.xbip_pipe_v3_0_7_viv [\xbip_pipe_v3_0_7_viv(c_latency=...]
Compiling architecture rtl of entity floating_point_v7_1_16.delay [\delay(width=21)\]
Compiling architecture synth of entity floating_point_v7_1_16.flt_sqrt_mant_addsub [\flt_sqrt_mant_addsub(c_xdevicef...]
Compiling architecture struct of entity floating_point_v7_1_16.carry_chain [\carry_chain(c_xdevicefamily="ki...]
Compiling architecture synth of entity floating_point_v7_1_16.flt_sqrt_mant_addsub [\flt_sqrt_mant_addsub(c_xdevicef...]
Compiling architecture synth of entity xbip_pipe_v3_0_7.xbip_pipe_v3_0_7_viv [\xbip_pipe_v3_0_7_viv(c_latency=...]
Compiling architecture rtl of entity floating_point_v7_1_16.delay [\delay(width=27,fast_input=true)...]
Compiling architecture struct of entity floating_point_v7_1_16.carry_chain [\carry_chain(c_xdevicefamily="ki...]
Compiling architecture synth of entity floating_point_v7_1_16.flt_sqrt_mant_addsub [\flt_sqrt_mant_addsub(c_xdevicef...]
Compiling architecture synth of entity xbip_pipe_v3_0_7.xbip_pipe_v3_0_7_viv [\xbip_pipe_v3_0_7_viv(c_latency=...]
Compiling architecture rtl of entity floating_point_v7_1_16.delay [\delay(width=28,fast_input=true)...]
Compiling architecture struct of entity floating_point_v7_1_16.carry_chain [\carry_chain(c_xdevicefamily="ki...]
Compiling architecture synth of entity floating_point_v7_1_16.flt_sqrt_mant_addsub [\flt_sqrt_mant_addsub(c_xdevicef...]
Compiling architecture synth of entity xbip_pipe_v3_0_7.xbip_pipe_v3_0_7_viv [\xbip_pipe_v3_0_7_viv(c_has_ce=1...]
Compiling architecture rtl of entity floating_point_v7_1_16.delay [\delay(width=28,length=0)\]
Compiling architecture synth of entity xbip_pipe_v3_0_7.xbip_pipe_v3_0_7_viv [\xbip_pipe_v3_0_7_viv(c_latency=...]
Compiling architecture rtl of entity floating_point_v7_1_16.delay [\delay(width=29,fast_input=true)...]
Compiling architecture struct of entity floating_point_v7_1_16.carry_chain [\carry_chain(c_xdevicefamily="ki...]
Compiling architecture synth of entity floating_point_v7_1_16.flt_sqrt_mant_addsub [\flt_sqrt_mant_addsub(c_xdevicef...]
Compiling architecture synth of entity floating_point_v7_1_16.flt_sqrt_mant [\flt_sqrt_mant(c_xdevicefamily="...]
Compiling architecture synth of entity xbip_pipe_v3_0_7.xbip_pipe_v3_0_7_viv [\xbip_pipe_v3_0_7_viv(c_latency=...]
Compiling architecture rtl of entity floating_point_v7_1_16.delay [\delay(width=8,length=27,fast_in...]
Compiling architecture synth of entity xbip_pipe_v3_0_7.xbip_pipe_v3_0_7_viv [\xbip_pipe_v3_0_7_viv(c_latency=...]
Compiling architecture rtl of entity floating_point_v7_1_16.delay [\delay(width=2,length=25,fast_in...]
Compiling architecture rtl of entity floating_point_v7_1_16.flt_sqrt_exp [\flt_sqrt_exp(c_xdevicefamily="n...]
Compiling architecture struct of entity floating_point_v7_1_16.carry_chain [\carry_chain(c_xdevicefamily="ki...]
Compiling architecture struct of entity floating_point_v7_1_16.carry_chain [\carry_chain(c_xdevicefamily="ki...]
Compiling architecture rtl of entity floating_point_v7_1_16.flt_round_bit [\flt_round_bit(c_xdevicefamily="...]
Compiling architecture rtl of entity floating_point_v7_1_16.renorm_and_round_logic [\renorm_and_round_logic(c_xdevic...]
Compiling architecture virtex of entity floating_point_v7_1_16.flt_sqrt [\flt_sqrt(c_xdevicefamily="kinte...]
Compiling architecture xilinx of entity floating_point_v7_1_16.floating_point_v7_1_16_viv [\floating_point_v7_1_16_viv(c_xd...]
Compiling architecture xilinx of entity floating_point_v7_1_16.floating_point_v7_1_16 [\floating_point_v7_1_16(c_xdevic...]
Compiling module xil_defaultlib.sqrt_single
Compiling architecture xilinx of entity axi_utils_v2_0_7.axi_slave_3to1 [\axi_slave_3to1(c_a_tdata_width=...]
Compiling architecture synth of entity floating_point_v7_1_16.flt_fma_specialcase [\flt_fma_specialcase(c_xdevicefa...]
Compiling architecture dsp48e1_v of entity unisim.DSP48E1 [\DSP48E1(alumodereg=0,carryinreg...]
Compiling architecture dsp48e1_v of entity unisim.DSP48E1 [\DSP48E1(a_input="CASCADE",bcasc...]
Compiling architecture xilinx of entity mult_gen_v12_0_19.dsp [\dsp(c_xdevicefamily="kintex7",c...]
Compiling architecture xilinx of entity mult_gen_v12_0_19.mult_gen_v12_0_19_viv [\mult_gen_v12_0_19_viv(c_verbosi...]
Compiling architecture rtl of entity floating_point_v7_1_16.flt_fma_mul [\flt_fma_mul(c_xdevicefamily="ki...]
Compiling architecture synth of entity xbip_pipe_v3_0_7.xbip_pipe_v3_0_7_viv [\xbip_pipe_v3_0_7_viv(c_latency=...]
Compiling architecture rtl of entity floating_point_v7_1_16.delay [\delay(width=9,length=3,fast_inp...]
Compiling architecture synth of entity xbip_pipe_v3_0_7.xbip_pipe_v3_0_7_viv [\xbip_pipe_v3_0_7_viv(c_latency=...]
Compiling architecture rtl of entity floating_point_v7_1_16.delay [\delay(width=32,length=4)\]
Compiling architecture synth of entity xbip_pipe_v3_0_7.xbip_pipe_v3_0_7_viv [\xbip_pipe_v3_0_7_viv(c_latency=...]
Compiling architecture rtl of entity floating_point_v7_1_16.delay [\delay(width=47,fast_input=true)...]
Compiling architecture synth of entity xbip_pipe_v3_0_7.xbip_pipe_v3_0_7_viv [\xbip_pipe_v3_0_7_viv(c_latency=...]
Compiling architecture rtl of entity floating_point_v7_1_16.delay [\delay(width=47)\]
Compiling architecture muxf7_v of entity unisim.MUXF7 [muxf7_default]
Compiling architecture muxf8_v of entity unisim.MUXF8 [muxf8_default]
Compiling architecture struct of entity floating_point_v7_1_16.carry_chain [\carry_chain(c_xdevicefamily="ki...]
Compiling architecture synth of entity floating_point_v7_1_16.compare_eq_im [\compare_eq_im(c_xdevicefamily="...]
Compiling architecture rtl of entity floating_point_v7_1_16.zero_det_sel [\zero_det_sel(c_xdevicefamily="k...]
Compiling architecture struct of entity floating_point_v7_1_16.carry_chain [\carry_chain(c_xdevicefamily="ki...]
Compiling architecture struct of entity floating_point_v7_1_16.carry_chain [\carry_chain(c_xdevicefamily="ki...]
Compiling architecture synth of entity floating_point_v7_1_16.compare_ge [\compare_ge(c_xdevicefamily="kin...]
Compiling architecture synth of entity xbip_pipe_v3_0_7.xbip_pipe_v3_0_7_viv [\xbip_pipe_v3_0_7_viv(c_latency=...]
Compiling architecture rtl of entity floating_point_v7_1_16.delay [\delay(width=50)\]
Compiling architecture rtl of entity floating_point_v7_1_16.shift_msb_first [\shift_msb_first(a_width=49,resu...]
Compiling architecture synth of entity xbip_pipe_v3_0_7.xbip_pipe_v3_0_7_viv [\xbip_pipe_v3_0_7_viv(c_has_ce=1...]
Compiling architecture rtl of entity floating_point_v7_1_16.delay [\delay(width=50,length=0)\]
Compiling architecture rtl of entity floating_point_v7_1_16.flt_fma_alignment [\flt_fma_alignment(c_xdevicefami...]
Compiling architecture synth of entity xbip_pipe_v3_0_7.xbip_pipe_v3_0_7_viv [\xbip_pipe_v3_0_7_viv(c_latency=...]
Compiling architecture rtl of entity floating_point_v7_1_16.delay [\delay(width=49)\]
Compiling architecture synth of entity xbip_pipe_v3_0_7.xbip_pipe_v3_0_7_viv [\xbip_pipe_v3_0_7_viv(c_latency=...]
Compiling architecture rtl of entity floating_point_v7_1_16.delay [\delay(width=25,length=2)\]
Compiling architecture struct of entity floating_point_v7_1_16.carry_chain [\carry_chain(c_xdevicefamily="ki...]
Compiling architecture struct of entity floating_point_v7_1_16.carry_chain [\carry_chain(c_xdevicefamily="ki...]
Compiling architecture synth of entity xbip_pipe_v3_0_7.xbip_pipe_v3_0_7_viv [\xbip_pipe_v3_0_7_viv(c_latency=...]
Compiling architecture rtl of entity floating_point_v7_1_16.delay [\delay(width=23,length=3)\]
Compiling architecture synth of entity xbip_pipe_v3_0_7.xbip_pipe_v3_0_7_viv [\xbip_pipe_v3_0_7_viv(c_latency=...]
Compiling architecture rtl of entity floating_point_v7_1_16.delay [\delay(width=25,length=4)\]
Compiling architecture rtl of entity floating_point_v7_1_16.addsub_logic [\addsub_logic(c_xdevicefamily="k...]
Compiling architecture rtl of entity floating_point_v7_1_16.flt_fma_addsub [\flt_fma_addsub(c_xdevicefamily=...]
Compiling architecture rtl of entity floating_point_v7_1_16.flt_fma_align_add [\flt_fma_align_add(c_xdevicefami...]
Compiling architecture synth of entity xbip_pipe_v3_0_7.xbip_pipe_v3_0_7_viv [\xbip_pipe_v3_0_7_viv(c_has_ce=1...]
Compiling architecture rtl of entity floating_point_v7_1_16.delay [\delay(width=5,length=0,fast_inp...]
Compiling architecture struct of entity floating_point_v7_1_16.carry_chain [\carry_chain(c_xdevicefamily="ki...]
Compiling architecture rtl of entity floating_point_v7_1_16.mux4 [\mux4(c_xdevicefamily="kintex7",...]
Compiling architecture rtl of entity floating_point_v7_1_16.mux4 [\mux4(c_xdevicefamily="kintex7",...]
Compiling architecture rtl of entity floating_point_v7_1_16.mux4 [\mux4(c_xdevicefamily="kintex7",...]
Compiling architecture rtl of entity floating_point_v7_1_16.mux4 [\mux4(c_xdevicefamily="kintex7",...]
Compiling architecture synth of entity xbip_pipe_v3_0_7.xbip_pipe_v3_0_7_viv [\xbip_pipe_v3_0_7_viv(c_has_ce=1...]
Compiling architecture rtl of entity floating_point_v7_1_16.delay [\delay(width=8,length=0,fast_inp...]
Compiling architecture struct of entity floating_point_v7_1_16.carry_chain [\carry_chain(c_xdevicefamily="ki...]
Compiling architecture rtl of entity floating_point_v7_1_16.lead_zero_encode [\lead_zero_encode(c_xdevicefamil...]
Compiling architecture synth of entity xbip_pipe_v3_0_7.xbip_pipe_v3_0_7_viv [\xbip_pipe_v3_0_7_viv(c_latency=...]
Compiling architecture rtl of entity floating_point_v7_1_16.delay [\delay(width=51)\]
Compiling architecture rtl of entity floating_point_v7_1_16.shift_msb_first [\shift_msb_first(a_width=51,resu...]
Compiling architecture synth of entity xbip_pipe_v3_0_7.xbip_pipe_v3_0_7_viv [\xbip_pipe_v3_0_7_viv(c_latency=...]
Compiling architecture rtl of entity floating_point_v7_1_16.delay [\delay(width=12,length=2)\]
Compiling architecture struct of entity floating_point_v7_1_16.carry_chain [\carry_chain(c_xdevicefamily="ki...]
Compiling architecture struct of entity floating_point_v7_1_16.carry_chain [\carry_chain(c_xdevicefamily="ki...]
Compiling architecture struct of entity floating_point_v7_1_16.carry_chain [\carry_chain(c_xdevicefamily="ki...]
Compiling architecture synth of entity floating_point_v7_1_16.compare_ne_im [\compare_ne_im(c_xdevicefamily="...]
Compiling architecture rtl of entity floating_point_v7_1_16.flt_fma_round_bit [\flt_fma_round_bit(c_xdevicefami...]
Compiling architecture rtl of entity floating_point_v7_1_16.flt_fma_renorm_and_round_logic [\flt_fma_renorm_and_round_logic(...]
Compiling architecture rtl of entity floating_point_v7_1_16.flt_fma_norm_logic [\flt_fma_norm_logic(c_xdevicefam...]
Compiling architecture synth of entity xbip_pipe_v3_0_7.xbip_pipe_v3_0_7_viv [\xbip_pipe_v3_0_7_viv(c_latency=...]
Compiling architecture rtl of entity floating_point_v7_1_16.delay [\delay(length=7)\]
Compiling architecture struct of entity floating_point_v7_1_16.carry_chain [\carry_chain(c_xdevicefamily="ki...]
Compiling architecture synth of entity xbip_pipe_v3_0_7.xbip_pipe_v3_0_7_viv [\xbip_pipe_v3_0_7_viv(c_latency=...]
Compiling architecture rtl of entity floating_point_v7_1_16.delay [\delay(width=10,length=7)\]
Compiling architecture synth of entity xbip_pipe_v3_0_7.xbip_pipe_v3_0_7_viv [\xbip_pipe_v3_0_7_viv(c_latency=...]
Compiling architecture rtl of entity floating_point_v7_1_16.delay [\delay(width=2,length=3)\]
Compiling architecture struct of entity floating_point_v7_1_16.carry_chain [\carry_chain(c_xdevicefamily="ki...]
Compiling architecture synth of entity floating_point_v7_1_16.compare_eq_im [\compare_eq_im(c_xdevicefamily="...]
Compiling architecture rtl of entity floating_point_v7_1_16.special_detect [\special_detect(a_w=57,a_fw=48)(...]
Compiling architecture synth of entity xbip_pipe_v3_0_7.xbip_pipe_v3_0_7_viv [\xbip_pipe_v3_0_7_viv(c_has_ce=1...]
Compiling architecture rtl of entity floating_point_v7_1_16.delay [\delay(width=4,length=0,fast_inp...]
Compiling architecture synth of entity xbip_pipe_v3_0_7.xbip_pipe_v3_0_7_viv [\xbip_pipe_v3_0_7_viv(c_has_ce=1...]
Compiling architecture rtl of entity floating_point_v7_1_16.delay [\delay(length=0,fast_input=true)...]
Compiling architecture rtl of entity floating_point_v7_1_16.flt_to_flt_conv_exp [\flt_to_flt_conv_exp(a_w=57,a_ew...]
Compiling architecture synth of entity xbip_pipe_v3_0_7.xbip_pipe_v3_0_7_viv [\xbip_pipe_v3_0_7_viv(c_has_ce=1...]
Compiling architecture rtl of entity floating_point_v7_1_16.delay [\delay(width=29,length=0)\]
Compiling architecture struct of entity floating_point_v7_1_16.carry_chain [\carry_chain(c_xdevicefamily="ki...]
Compiling architecture synth of entity floating_point_v7_1_16.compare_gt [\compare_gt(c_xdevicefamily="kin...]
Compiling architecture synth of entity floating_point_v7_1_16.compare [\compare(c_xdevicefamily="kintex...]
Compiling architecture struct of entity floating_point_v7_1_16.carry_chain [\carry_chain(c_xdevicefamily="ki...]
Compiling architecture rtl of entity floating_point_v7_1_16.flt_fma_add_exp [\flt_fma_add_exp(c_xdevicefamily...]
Compiling architecture synth of entity floating_point_v7_1_16.flt_dec_op [\flt_dec_op(c_xdevicefamily="kin...]
Compiling architecture rtl of entity floating_point_v7_1_16.flt_fma_add_logic [\flt_fma_add_logic(c_xdevicefami...]
Compiling architecture rtl of entity floating_point_v7_1_16.flt_fma_add [\flt_fma_add(c_xdevicefamily="ki...]
Compiling architecture rtl of entity floating_point_v7_1_16.flt_fma [\flt_fma(c_xdevicefamily="kintex...]
Compiling architecture synth of entity xbip_pipe_v3_0_7.xbip_pipe_v3_0_7_viv [\xbip_pipe_v3_0_7_viv(c_latency=...]
Compiling architecture xilinx of entity floating_point_v7_1_16.floating_point_v7_1_16_viv [\floating_point_v7_1_16_viv(c_xd...]
Compiling architecture xilinx of entity floating_point_v7_1_16.floating_point_v7_1_16 [\floating_point_v7_1_16(c_xdevic...]
Compiling module xil_defaultlib.fmadd_single
Compiling architecture rtl of entity floating_point_v7_1_16.flt_fma [\flt_fma(c_xdevicefamily="kintex...]
Compiling architecture xilinx of entity floating_point_v7_1_16.floating_point_v7_1_16_viv [\floating_point_v7_1_16_viv(c_xd...]
Compiling architecture xilinx of entity floating_point_v7_1_16.floating_point_v7_1_16 [\floating_point_v7_1_16(c_xdevic...]
Compiling module xil_defaultlib.fmsub_single
Compiling architecture synth of entity xbip_pipe_v3_0_7.xbip_pipe_v3_0_7_viv [\xbip_pipe_v3_0_7_viv(c_has_ce=1...]
Compiling architecture rtl of entity floating_point_v7_1_16.delay [\delay(width=31,length=0)\]
Compiling architecture synth of entity xbip_pipe_v3_0_7.xbip_pipe_v3_0_7_viv [\xbip_pipe_v3_0_7_viv(c_latency=...]
Compiling architecture rtl of entity floating_point_v7_1_16.delay [\delay(width=32)\]
Compiling architecture struct of entity floating_point_v7_1_16.carry_chain [\carry_chain(c_xdevicefamily="ki...]
Compiling architecture rtl of entity floating_point_v7_1_16.norm_zero_det [\norm_zero_det(data_width=7,norm...]
Compiling architecture rtl of entity floating_point_v7_1_16.lead_zero_encode [\lead_zero_encode(c_xdevicefamil...]
Compiling architecture rtl of entity floating_point_v7_1_16.shift_msb_first [\shift_msb_first(a_width=32,resu...]
Compiling architecture struct of entity floating_point_v7_1_16.carry_chain [\carry_chain(c_xdevicefamily="ki...]
Compiling architecture struct of entity floating_point_v7_1_16.carry_chain [\carry_chain(c_xdevicefamily="ki...]
Compiling architecture rtl of entity floating_point_v7_1_16.renorm_and_round_logic [\renorm_and_round_logic(c_xdevic...]
Compiling architecture synth of entity xbip_pipe_v3_0_7.xbip_pipe_v3_0_7_viv [\xbip_pipe_v3_0_7_viv(c_latency=...]
Compiling architecture rtl of entity floating_point_v7_1_16.delay [\delay(length=5)\]
Compiling architecture synth of entity floating_point_v7_1_16.fix_to_flt_conv_exp [\fix_to_flt_conv_exp(c_xdevicefa...]
Compiling architecture struct of entity floating_point_v7_1_16.fix_to_flt_conv [\fix_to_flt_conv(c_xdevicefamily...]
Compiling architecture xilinx of entity floating_point_v7_1_16.floating_point_v7_1_16_viv [\floating_point_v7_1_16_viv(c_xd...]
Compiling architecture xilinx of entity floating_point_v7_1_16.floating_point_v7_1_16 [\floating_point_v7_1_16(c_xdevic...]
Compiling module xil_defaultlib.fcvt_s_w
Compiling architecture rtl of entity floating_point_v7_1_16.norm_zero_det [\norm_zero_det(data_width=7,norm...]
Compiling architecture rtl of entity floating_point_v7_1_16.lead_zero_encode [\lead_zero_encode(c_xdevicefamil...]
Compiling architecture rtl of entity floating_point_v7_1_16.shift_msb_first [\shift_msb_first(a_width=32,resu...]
Compiling architecture rtl of entity floating_point_v7_1_16.renorm_and_round_logic [\renorm_and_round_logic(c_xdevic...]
Compiling architecture synth of entity floating_point_v7_1_16.fix_to_flt_conv_exp [\fix_to_flt_conv_exp(c_xdevicefa...]
Compiling architecture struct of entity floating_point_v7_1_16.fix_to_flt_conv [\fix_to_flt_conv(c_xdevicefamily...]
Compiling architecture synth of entity xbip_pipe_v3_0_7.xbip_pipe_v3_0_7_viv [\xbip_pipe_v3_0_7_viv(c_latency=...]
Compiling architecture xilinx of entity floating_point_v7_1_16.floating_point_v7_1_16_viv [\floating_point_v7_1_16_viv(c_xd...]
Compiling architecture xilinx of entity floating_point_v7_1_16.floating_point_v7_1_16 [\floating_point_v7_1_16(c_xdevic...]
Compiling module xil_defaultlib.fcvt_s_wu
Compiling architecture rtl of entity floating_point_v7_1_16.delay_s [\delay_s(width=10)\]
Compiling architecture struct of entity floating_point_v7_1_16.carry_chain [\carry_chain(c_xdevicefamily="ki...]
Compiling architecture synth of entity floating_point_v7_1_16.compare_eq_im [\compare_eq_im(c_xdevicefamily="...]
Compiling architecture rtl of entity floating_point_v7_1_16.zero_det_sel [\zero_det_sel(c_xdevicefamily="k...]
Compiling architecture rtl of entity floating_point_v7_1_16.shift_msb_first [\shift_msb_first(a_width=24,resu...]
Compiling architecture synth of entity xbip_pipe_v3_0_7.xbip_pipe_v3_0_7_viv [\xbip_pipe_v3_0_7_viv(c_has_ce=1...]
Compiling architecture rtl of entity floating_point_v7_1_16.delay [\delay(width=33,length=0)\]
Compiling architecture synth of entity xbip_pipe_v3_0_7.xbip_pipe_v3_0_7_viv [\xbip_pipe_v3_0_7_viv(c_latency=...]
Compiling architecture rtl of entity floating_point_v7_1_16.delay [\delay(width=34)\]
Compiling architecture struct of entity floating_point_v7_1_16.carry_chain [\carry_chain(c_xdevicefamily="ki...]
Compiling architecture synth of entity floating_point_v7_1_16.flt_to_fix_conv [\flt_to_fix_conv(c_xdevicefamily...]
Compiling architecture xilinx of entity floating_point_v7_1_16.floating_point_v7_1_16_viv [\floating_point_v7_1_16_viv(c_xd...]
Compiling architecture xilinx of entity floating_point_v7_1_16.floating_point_v7_1_16 [\floating_point_v7_1_16(c_xdevic...]
Compiling module xil_defaultlib.fcvt_w_s
Compiling architecture rtl of entity floating_point_v7_1_16.delay_s [\delay_s(width=9)\]
Compiling architecture rtl of entity floating_point_v7_1_16.zero_det_sel [\zero_det_sel(c_xdevicefamily="k...]
Compiling architecture synth of entity xbip_pipe_v3_0_7.xbip_pipe_v3_0_7_viv [\xbip_pipe_v3_0_7_viv(c_latency=...]
Compiling architecture rtl of entity floating_point_v7_1_16.delay [\delay(width=64)\]
Compiling architecture rtl of entity floating_point_v7_1_16.shift_msb_first [\shift_msb_first(a_width=24,resu...]
Compiling architecture synth of entity xbip_pipe_v3_0_7.xbip_pipe_v3_0_7_viv [\xbip_pipe_v3_0_7_viv(c_has_ce=1...]
Compiling architecture rtl of entity floating_point_v7_1_16.delay [\delay(width=64,length=0)\]
Compiling architecture synth of entity xbip_pipe_v3_0_7.xbip_pipe_v3_0_7_viv [\xbip_pipe_v3_0_7_viv(c_has_ce=1...]
Compiling architecture rtl of entity floating_point_v7_1_16.delay [\delay(width=65,length=0)\]
Compiling architecture synth of entity xbip_pipe_v3_0_7.xbip_pipe_v3_0_7_viv [\xbip_pipe_v3_0_7_viv(c_latency=...]
Compiling architecture rtl of entity floating_point_v7_1_16.delay [\delay(width=66)\]
Compiling architecture struct of entity floating_point_v7_1_16.carry_chain [\carry_chain(c_xdevicefamily="ki...]
Compiling architecture synth of entity floating_point_v7_1_16.flt_to_fix_conv [\flt_to_fix_conv(c_xdevicefamily...]
Compiling architecture xilinx of entity floating_point_v7_1_16.floating_point_v7_1_16_viv [\floating_point_v7_1_16_viv(c_xd...]
Compiling architecture xilinx of entity floating_point_v7_1_16.floating_point_v7_1_16 [\floating_point_v7_1_16(c_xdevic...]
Compiling module xil_defaultlib.fcvt_wu_s
Compiling module xil_defaultlib.FPU_single
Compiling module xil_defaultlib.tb_FPU_single
Compiling module xil_defaultlib.glbl
Built simulation snapshot tb_FPU_single_behav
